mobile/app-usage-collector/app/build/intermediates/manifest_merge_blame_file/debug/processDebugMainManifest/manifest-merger-blame-debug-report.txt
1<?xml version="1.0" encoding="utf-8"?>
2<manifest xmlns:android="http://schemas.android.com/apk/res/android"
3    package="local.telealien.appusage"
4    android:versionCode="1"
5    android:versionName="0.1.0" >
6
7    <uses-sdk
7-->INJECTED
8        android:minSdkVersion="26"
8-->INJECTED
9        android:targetSdkVersion="35" />
9-->INJECTED
10
11    <uses-permission android:name="android.permission.INTERNET" />
11-->src\main\AndroidManifest.xml:2:5-67
11-->src\main\AndroidManifest.xml:2:22-64
12    <uses-permission android:name="android.permission.PACKAGE_USAGE_STATS" />
12-->src\main\AndroidManifest.xml:3:5-78
12-->src\main\AndroidManifest.xml:3:22-75
13    <uses-permission android:name="android.permission.FOREGROUND_SERVICE" />
13-->src\main\AndroidManifest.xml:4:5-77
13-->src\main\AndroidManifest.xml:4:22-74
14    <uses-permission android:name="android.permission.FOREGROUND_SERVICE_DATA_SYNC" />
14-->src\main\AndroidManifest.xml:5:5-87
14-->src\main\AndroidManifest.xml:5:22-84
15    <uses-permission android:name="android.permission.POST_NOTIFICATIONS" />
15-->src\main\AndroidManifest.xml:6:5-77
15-->src\main\AndroidManifest.xml:6:22-74
16
17    <application
17-->src\main\AndroidManifest.xml:7:5-15:19
18        android:allowBackup="false"
18-->src\main\AndroidManifest.xml:7:18-45
19        android:debuggable="true"
20        android:extractNativeLibs="false"
20-->INJECTED
21        android:label="TeleAlien Activity"
21-->src\main\AndroidManifest.xml:7:46-80
22        android:theme="@style/AppTheme"
22-->src\main\AndroidManifest.xml:7:81-112
23        android:usesCleartextTraffic="true" >
23-->src\main\AndroidManifest.xml:7:113-148
24        <activity
24-->src\main\AndroidManifest.xml:8:9-13:20
25            android:name="local.telealien.appusage.MainActivity"
25-->src\main\AndroidManifest.xml:8:19-47
26            android:exported="true" >
26-->src\main\AndroidManifest.xml:8:48-71
27            <intent-filter>
27-->src\main\AndroidManifest.xml:9:13-12:29
28                <action android:name="android.intent.action.MAIN" />
28-->src\main\AndroidManifest.xml:10:17-69
28-->src\main\AndroidManifest.xml:10:25-66
29
30                <category android:name="android.intent.category.LAUNCHER" />
30-->src\main\AndroidManifest.xml:11:17-77
30-->src\main\AndroidManifest.xml:11:27-74
31            </intent-filter>
32        </activity>
33
34        <service
34-->src\main\AndroidManifest.xml:14:9-122
35            android:name="local.telealien.appusage.UsageMonitorService"
35-->src\main\AndroidManifest.xml:14:18-53
36            android:exported="false"
36-->src\main\AndroidManifest.xml:14:95-119
37            android:foregroundServiceType="dataSync" />
37-->src\main\AndroidManifest.xml:14:54-94
38    </application>
39
40</manifest>